<?xml version="1.0" encoding="UTF-8"?>
<!-- Generated by org.testng.reporters.JUnitReportReporter -->
<testsuite hostname="DESKTOP-MFJDOAL" failures="0" tests="1" name="COM.Testing.REPORT.Suiteoftestcase" time="10.307" errors="0" timestamp="2023-06-03T09:45:40 IST" skipped="0">
  <testcase classname="COM.Testing.REPORT.Suiteoftestcase" name="facebook" time="10.307"/>
  <system-out/>
</testsuite> <!-- COM.Testing.REPORT.Suiteoftestcase -->
