<?xml version="1.0" encoding="UTF-8"?>
<!-- Generated by org.testng.reporters.JUnitReportReporter -->
<testsuite hostname="DESKTOP-MFJDOAL" failures="0" tests="1" name="COM.Testing.REPORT.NewTest" time="5.141" errors="0" timestamp="2023-06-02T10:43:38 IST" skipped="0">
  <testcase classname="COM.Testing.REPORT.NewTest" name="facebook" time="5.141"/>
  <system-out/>
</testsuite> <!-- COM.Testing.REPORT.NewTest -->
