<?xml version="1.0" encoding="UTF-8"?>
<!-- Generated by org.testng.reporters.JUnitReportReporter -->
<testsuite hostname="DESKTOP-MFJDOAL" failures="0" tests="2" name="COM.Testing.REPORT.Parallel_processing" time="10.660" errors="0" timestamp="2023-06-05T10:52:39 IST" skipped="0">
  <testcase classname="COM.Testing.REPORT.Parallel_processing" name="Edge" time="6.603"/>
  <system-out/>
  <testcase classname="COM.Testing.REPORT.Parallel_processing" name="Chrome1" time="4.057"/>
  <system-out/>
</testsuite> <!-- COM.Testing.REPORT.Parallel_processing -->
